  [1m[35m (168.0ms)[0m  [1m[35mCREATE DATABASE "railstictactoe" ENCODING = 'utf8'[0m
  [1m[35m (68.6ms)[0m  [1m[35mCREATE DATABASE "railstictactoe_test" ENCODING = 'utf8'[0m
  [1m[35m (10.9ms)[0m  [1m[35mCREATE TABLE "schema_migrations" ("version" character varying NOT NULL PRIMARY KEY)[0m
  [1m[35m (6.3ms)[0m  [1m[35mCREATE TABLE "ar_internal_metadata" ("key" character varying NOT NULL PRIMARY KEY, "value" character varying, "created_at" timestamp(6) NOT NULL, "updated_at" timestamp(6) NOT NULL)[0m
  [1m[35m (0.4ms)[0m  [1m[34mSELECT pg_try_advisory_lock(6135369956867806620)[0m
  [1m[35m (0.6ms)[0m  [1m[34mSELECT "schema_migrations"."version" FROM "schema_migrations" ORDER BY "schema_migrations"."version" ASC[0m
Migrating to DeviseCreateUsers (20200810085758)
  [1m[35m (0.3ms)[0m  [1m[35mBEGIN[0m
  [1m[35m (7.3ms)[0m  [1m[35mCREATE TABLE "users" ("id" bigserial primary key, "email" character varying DEFAULT '' NOT NULL, "encrypted_password" character varying DEFAULT '' NOT NULL, "reset_password_token" character varying, "reset_password_sent_at" timestamp, "remember_created_at" timestamp, "created_at" timestamp(6) NOT NULL, "updated_at" timestamp(6) NOT NULL)[0m
  [1m[35m (3.0ms)[0m  [1m[35mCREATE UNIQUE INDEX  "index_users_on_email" ON "users"  ("email")[0m
  [1m[35m (2.9ms)[0m  [1m[35mCREATE UNIQUE INDEX  "index_users_on_reset_password_token" ON "users"  ("reset_password_token")[0m
  [1m[36mActiveRecord::SchemaMigration Create (1.4ms)[0m  [1m[32mINSERT INTO "schema_migrations" ("version") VALUES ($1) RETURNING "version"[0m  [["version", "20200810085758"]]
  [1m[35m (2.5ms)[0m  [1m[35mCOMMIT[0m
Migrating to AddScoreToUser (20200810090942)
  [1m[35m (0.6ms)[0m  [1m[35mBEGIN[0m
  [1m[35m (0.8ms)[0m  [1m[35mALTER TABLE "users" ADD "win" integer DEFAULT 0[0m
  [1m[35m (0.5ms)[0m  [1m[35mALTER TABLE "users" ADD "losses" integer DEFAULT 0[0m
  [1m[35m (0.5ms)[0m  [1m[35mALTER TABLE "users" ADD "ties" integer DEFAULT 0[0m
  [1m[36mActiveRecord::SchemaMigration Create (0.4ms)[0m  [1m[32mINSERT INTO "schema_migrations" ("version") VALUES ($1) RETURNING "version"[0m  [["version", "20200810090942"]]
  [1m[35m (4.1ms)[0m  [1m[35mCOMMIT[0m
  [1m[36mActiveRecord::InternalMetadata Load (0.3ms)[0m  [1m[34mSELECT "ar_internal_metadata".* FROM "ar_internal_metadata" WHERE "ar_internal_metadata"."key" = $1 LIMIT $2[0m  [["key", "environment"], ["LIMIT", 1]]
  [1m[35m (0.2ms)[0m  [1m[35mBEGIN[0m
  [1m[36mActiveRecord::InternalMetadata Create (0.5ms)[0m  [1m[32mINSERT INTO "ar_internal_metadata" ("key", "value", "created_at", "updated_at") VALUES ($1, $2, $3, $4) RETURNING "key"[0m  [["key", "environment"], ["value", "development"], ["created_at", "2024-04-09 11:43:52.039539"], ["updated_at", "2024-04-09 11:43:52.039539"]]
  [1m[35m (1.0ms)[0m  [1m[35mCOMMIT[0m
  [1m[35m (0.4ms)[0m  [1m[34mSELECT pg_advisory_unlock(6135369956867806620)[0m
  [1m[35m (0.9ms)[0m  [1m[34mSELECT "schema_migrations"."version" FROM "schema_migrations" ORDER BY "schema_migrations"."version" ASC[0m
  [1m[35m (0.9ms)[0m  [1m[34mSELECT "schema_migrations"."version" FROM "schema_migrations" ORDER BY "schema_migrations"."version" ASC[0m
Started GET "/" for ::1 at 2024-04-09 17:14:17 +0530
  [1m[35m (0.8ms)[0m  [1m[34mSELECT "schema_migrations"."version" FROM "schema_migrations" ORDER BY "schema_migrations"."version" ASC[0m
Processing by PagesController#home as HTML
  Rendering pages/home.html.erb within layouts/application
  Rendered pages/home.html.erb within layouts/application (Duration: 5.2ms | Allocations: 916)
Completed 500 Internal Server Error in 24ms (ActiveRecord: 0.0ms | Allocations: 11956)


  
ActionView::Template::Error (couldn't find file 'bootstrap' with type 'text/css'
Checked in these paths: 
  /home/bestech/Documents/rails-tic-tac-toe-project/app/assets/config
  /home/bestech/Documents/rails-tic-tac-toe-project/app/assets/images
  /home/bestech/Documents/rails-tic-tac-toe-project/app/assets/stylesheets
  /home/bestech/.rvm/gems/ruby-2.7.1/gems/actioncable-6.0.6.1/app/assets/javascripts
  /home/bestech/.rvm/gems/ruby-2.7.1/gems/activestorage-6.0.6.1/app/assets/javascripts
  /home/bestech/.rvm/gems/ruby-2.7.1/gems/actionview-6.0.6.1/lib/assets/compiled
  /home/bestech/.rvm/gems/ruby-2.7.1/gems/turbolinks-source-5.2.0/lib/assets/javascripts
  /home/bestech/Documents/rails-tic-tac-toe-project/node_modules):
    4:     <title>RailsTicTacToeProject</title>
    5:     <%= csrf_meta_tags %>
    6:     <%= csp_meta_tag %>
    7:     <%= stylesheet_link_tag 'application', media: 'all', 'data-turbolinks-track': 'reload' %>
    8:     <%= javascript_pack_tag 'application', 'data-turbolinks-track': 'reload' %>
    9:   </head>
   10:   <body>
  
app/assets/stylesheets/application.css:15
app/views/layouts/application.html.erb:7
Started GET "/" for ::1 at 2024-04-09 17:14:17 +0530
Processing by PagesController#home as HTML
  Rendering pages/home.html.erb within layouts/application
  Rendered pages/home.html.erb within layouts/application (Duration: 0.6ms | Allocations: 373)
Completed 500 Internal Server Error in 6ms (ActiveRecord: 0.0ms | Allocations: 3860)


  
ActionView::Template::Error (couldn't find file 'bootstrap' with type 'text/css'
Checked in these paths: 
  /home/bestech/Documents/rails-tic-tac-toe-project/app/assets/config
  /home/bestech/Documents/rails-tic-tac-toe-project/app/assets/images
  /home/bestech/Documents/rails-tic-tac-toe-project/app/assets/stylesheets
  /home/bestech/.rvm/gems/ruby-2.7.1/gems/actioncable-6.0.6.1/app/assets/javascripts
  /home/bestech/.rvm/gems/ruby-2.7.1/gems/activestorage-6.0.6.1/app/assets/javascripts
  /home/bestech/.rvm/gems/ruby-2.7.1/gems/actionview-6.0.6.1/lib/assets/compiled
  /home/bestech/.rvm/gems/ruby-2.7.1/gems/turbolinks-source-5.2.0/lib/assets/javascripts
  /home/bestech/Documents/rails-tic-tac-toe-project/node_modules):
    4:     <title>RailsTicTacToeProject</title>
    5:     <%= csrf_meta_tags %>
    6:     <%= csp_meta_tag %>
    7:     <%= stylesheet_link_tag 'application', media: 'all', 'data-turbolinks-track': 'reload' %>
    8:     <%= javascript_pack_tag 'application', 'data-turbolinks-track': 'reload' %>
    9:   </head>
   10:   <body>
  
app/assets/stylesheets/application.css:15
app/views/layouts/application.html.erb:7
Started GET "/" for ::1 at 2024-04-09 17:15:16 +0530
Processing by PagesController#home as HTML
  Rendering pages/home.html.erb within layouts/application
  Rendered pages/home.html.erb within layouts/application (Duration: 1.9ms | Allocations: 356)
[Webpacker] Compiling...
[Webpacker] Compilation failed:
ERROR: [Errno 21] Is a directory: 'bin'
CRITICAL:root:Traceback (most recent call last):
  File "/usr/lib/python3/dist-packages/cliapp/app.py", line 182, in _run
    self.settings.load_configs()
  File "/usr/lib/python3/dist-packages/cliapp/settings.py", line 829, in load_configs
    self._read_ini(pathname, f)
  File "/usr/lib/python3/dist-packages/cliapp/settings.py", line 838, in _read_ini
    cp.readfp(f)
  File "/usr/lib/python3.8/configparser.py", line 763, in readfp
    self.read_file(fp, source=filename)
  File "/usr/lib/python3.8/configparser.py", line 718, in read_file
    self._read(f, source)
  File "/usr/lib/python3.8/configparser.py", line 1082, in _read
    raise MissingSectionHeaderError(fpname, lineno, line)
configparser.MissingSectionHeaderError: File contains no section headers.
file: '/home/bestech/Documents/rails-tic-tac-toe-project/config/webpack/development.js', line: 1
"process.env.NODE_ENV = process.env.NODE_ENV || 'development'\n"

Traceback (most recent call last):
  File "/usr/lib/python3/dist-packages/cliapp/app.py", line 182, in _run
    self.settings.load_configs()
  File "/usr/lib/python3/dist-packages/cliapp/settings.py", line 829, in load_configs
    self._read_ini(pathname, f)
  File "/usr/lib/python3/dist-packages/cliapp/settings.py", line 838, in _read_ini
    cp.readfp(f)
  File "/usr/lib/python3.8/configparser.py", line 763, in readfp
    self.read_file(fp, source=filename)
  File "/usr/lib/python3.8/configparser.py", line 718, in read_file
    self._read(f, source)
  File "/usr/lib/python3.8/configparser.py", line 1082, in _read
    raise MissingSectionHeaderError(fpname, lineno, line)
configparser.MissingSectionHeaderError: File contains no section headers.
file: '/home/bestech/Documents/rails-tic-tac-toe-project/config/webpack/development.js', line: 1
"process.env.NODE_ENV = process.env.NODE_ENV || 'development'\n"

Completed 500 Internal Server Error in 1038ms (ActiveRecord: 0.0ms | Allocations: 17403)


  
ActionView::Template::Error (Webpacker can't find application in /home/bestech/Documents/rails-tic-tac-toe-project/public/packs/manifest.json. Possible causes:
1. You want to set webpacker.yml value of compile to true for your environment
   unless you are using the `webpack -w` or the webpack-dev-server.
2. webpack has not yet re-run to reflect updates.
3. You have misconfigured Webpacker's config/webpacker.yml file.
4. Your webpack configuration is not creating a manifest.
Your manifest contains:
{
}
):
     5:     <%= csrf_meta_tags %>
     6:     <%= csp_meta_tag %>
     7:     <%= stylesheet_link_tag 'application', media: 'all', 'data-turbolinks-track': 'reload' %>
     8:     <%= javascript_pack_tag 'application', 'data-turbolinks-track': 'reload' %>
     9:   </head>
    10:   <body>
    11:     <%= render 'layouts/navbar'%>
  
app/views/layouts/application.html.erb:8
Started GET "/" for ::1 at 2024-04-09 17:15:37 +0530
Processing by PagesController#home as HTML
  Rendering pages/home.html.erb within layouts/application
  Rendered pages/home.html.erb within layouts/application (Duration: 2.0ms | Allocations: 632)
  Rendered layouts/_navbar.html.erb (Duration: 1.4ms | Allocations: 957)
Completed 200 OK in 14ms (Views: 11.4ms | ActiveRecord: 0.0ms | Allocations: 4734)


Started GET "/game" for ::1 at 2024-04-09 17:15:45 +0530
Processing by PagesController#game as HTML
Completed 401 Unauthorized in 36ms (ActiveRecord: 0.0ms | Allocations: 3875)


Started GET "/users/sign_in" for ::1 at 2024-04-09 17:15:46 +0530
Processing by Devise::SessionsController#new as HTML
  Rendering devise/sessions/new.html.erb within layouts/application
  Rendered devise/shared/_links.html.erb (Duration: 1.0ms | Allocations: 609)
  Rendered devise/sessions/new.html.erb within layouts/application (Duration: 12.7ms | Allocations: 3736)
  Rendered layouts/_navbar.html.erb (Duration: 3.4ms | Allocations: 497)
Completed 200 OK in 40ms (Views: 20.1ms | ActiveRecord: 5.9ms | Allocations: 14404)


Started GET "/twoplayers" for ::1 at 2024-04-09 17:15:52 +0530
Processing by PagesController#twoplayers as HTML
  Rendering pages/twoplayers.html.erb within layouts/application
  Rendered pages/twoplayers.html.erb within layouts/application (Duration: 3.9ms | Allocations: 444)
  Rendered layouts/_navbar.html.erb (Duration: 6.7ms | Allocations: 531)
Completed 200 OK in 35ms (Views: 29.9ms | ActiveRecord: 0.0ms | Allocations: 3133)


Started GET "/game" for ::1 at 2024-04-09 17:16:12 +0530
Processing by PagesController#game as HTML
Completed 401 Unauthorized in 1ms (ActiveRecord: 0.0ms | Allocations: 393)


Started GET "/users/sign_in" for ::1 at 2024-04-09 17:16:12 +0530
Processing by Devise::SessionsController#new as HTML
  Rendering devise/sessions/new.html.erb within layouts/application
  Rendered devise/shared/_links.html.erb (Duration: 0.6ms | Allocations: 150)
  Rendered devise/sessions/new.html.erb within layouts/application (Duration: 6.0ms | Allocations: 1388)
  Rendered layouts/_navbar.html.erb (Duration: 1.6ms | Allocations: 497)
Completed 200 OK in 22ms (Views: 20.7ms | ActiveRecord: 0.0ms | Allocations: 4115)


Started GET "/twoplayers" for ::1 at 2024-04-09 17:16:21 +0530
Processing by PagesController#twoplayers as HTML
  Rendering pages/twoplayers.html.erb within layouts/application
  Rendered pages/twoplayers.html.erb within layouts/application (Duration: 0.1ms | Allocations: 4)
  Rendered layouts/_navbar.html.erb (Duration: 1.4ms | Allocations: 518)
Completed 200 OK in 8ms (Views: 7.2ms | ActiveRecord: 0.0ms | Allocations: 2543)


Started GET "/game" for ::1 at 2024-04-09 17:17:52 +0530
Processing by PagesController#game as HTML
Completed 401 Unauthorized in 2ms (ActiveRecord: 0.0ms | Allocations: 387)


Started GET "/users/sign_in" for ::1 at 2024-04-09 17:17:52 +0530
Processing by Devise::SessionsController#new as HTML
  Rendering devise/sessions/new.html.erb within layouts/application
  Rendered devise/shared/_links.html.erb (Duration: 0.4ms | Allocations: 149)
  Rendered devise/sessions/new.html.erb within layouts/application (Duration: 3.8ms | Allocations: 1380)
  Rendered layouts/_navbar.html.erb (Duration: 1.1ms | Allocations: 485)
Completed 200 OK in 13ms (Views: 10.8ms | ActiveRecord: 0.0ms | Allocations: 4108)


Started GET "/twoplayers" for ::1 at 2024-04-09 17:17:54 +0530
Processing by PagesController#twoplayers as HTML
  Rendering pages/twoplayers.html.erb within layouts/application
  Rendered pages/twoplayers.html.erb within layouts/application (Duration: 0.1ms | Allocations: 4)
  Rendered layouts/_navbar.html.erb (Duration: 1.6ms | Allocations: 518)
Completed 200 OK in 8ms (Views: 6.9ms | ActiveRecord: 0.0ms | Allocations: 2554)


Started GET "/twoplayers" for ::1 at 2024-04-09 17:19:05 +0530
Processing by PagesController#twoplayers as HTML
  Rendering pages/twoplayers.html.erb within layouts/application
  Rendered pages/twoplayers.html.erb within layouts/application (Duration: 1.6ms | Allocations: 438)
Completed 200 OK in 13ms (Views: 10.4ms | ActiveRecord: 0.0ms | Allocations: 3476)


Started GET "/users/sign_in" for ::1 at 2024-04-09 17:19:13 +0530
Processing by Devise::SessionsController#new as HTML
  Rendering devise/sessions/new.html.erb within layouts/application
  Rendered devise/shared/_links.html.erb (Duration: 2.8ms | Allocations: 529)
  Rendered devise/sessions/new.html.erb within layouts/application (Duration: 12.2ms | Allocations: 2223)
Completed 200 OK in 35ms (Views: 28.8ms | ActiveRecord: 0.0ms | Allocations: 5434)


Started GET "/" for ::1 at 2024-04-09 17:19:19 +0530
Processing by PagesController#home as HTML
  Rendering pages/home.html.erb within layouts/application
  Rendered pages/home.html.erb within layouts/application (Duration: 2.3ms | Allocations: 631)
Completed 200 OK in 9ms (Views: 7.8ms | ActiveRecord: 0.0ms | Allocations: 2728)


Started GET "/twoplayers" for ::1 at 2024-04-09 17:20:57 +0530
Processing by PagesController#twoplayers as HTML
  Rendering pages/twoplayers.html.erb within layouts/application
  Rendered pages/twoplayers.html.erb within layouts/application (Duration: 0.1ms | Allocations: 4)
Completed 200 OK in 13ms (Views: 11.1ms | ActiveRecord: 0.0ms | Allocations: 1947)


Started GET "/users/sign_up" for ::1 at 2024-04-09 17:24:22 +0530
Processing by Devise::RegistrationsController#new as HTML
  Rendering devise/registrations/new.html.erb within layouts/application
  Rendered devise/shared/_links.html.erb (Duration: 0.7ms | Allocations: 129)
  Rendered devise/registrations/new.html.erb within layouts/application (Duration: 9.2ms | Allocations: 1897)
Completed 200 OK in 19ms (Views: 15.9ms | ActiveRecord: 0.0ms | Allocations: 4750)


Started GET "/" for ::1 at 2024-04-09 17:28:17 +0530
Processing by PagesController#home as HTML
  Rendering pages/home.html.erb within layouts/application
  Rendered pages/home.html.erb within layouts/application (Duration: 2.7ms | Allocations: 163)
Completed 200 OK in 21ms (Views: 16.4ms | ActiveRecord: 0.0ms | Allocations: 3166)


Started GET "/twoplayers" for ::1 at 2024-04-09 17:29:35 +0530
Processing by PagesController#twoplayers as HTML
  Rendering pages/twoplayers.html.erb within layouts/application
  Rendered pages/twoplayers.html.erb within layouts/application (Duration: 1.7ms | Allocations: 438)
Completed 200 OK in 26ms (Views: 23.6ms | ActiveRecord: 0.0ms | Allocations: 3450)


Started GET "/twoplayers" for ::1 at 2024-04-09 17:30:25 +0530
Processing by PagesController#twoplayers as HTML
  Rendering pages/twoplayers.html.erb within layouts/application
  Rendered pages/twoplayers.html.erb within layouts/application (Duration: 1.3ms | Allocations: 438)
Completed 200 OK in 11ms (Views: 9.2ms | ActiveRecord: 0.0ms | Allocations: 3434)


Started GET "/twoplayers" for ::1 at 2024-04-09 17:48:51 +0530
Processing by PagesController#twoplayers as HTML
  Rendering pages/twoplayers.html.erb within layouts/application
  Rendered pages/twoplayers.html.erb within layouts/application (Duration: 0.9ms | Allocations: 445)
Completed 200 OK in 11ms (Views: 9.6ms | ActiveRecord: 0.0ms | Allocations: 3447)


Started GET "/twoplayers" for ::1 at 2024-04-09 17:55:16 +0530
Processing by PagesController#twoplayers as HTML
  Rendering pages/twoplayers.html.erb within layouts/application
  Rendered pages/twoplayers.html.erb within layouts/application (Duration: 1.0ms | Allocations: 442)
Completed 200 OK in 8ms (Views: 7.4ms | ActiveRecord: 0.0ms | Allocations: 3438)


Started GET "/twoplayers" for ::1 at 2024-04-09 17:56:58 +0530
Processing by PagesController#twoplayers as HTML
  Rendering pages/twoplayers.html.erb within layouts/application
  Rendered pages/twoplayers.html.erb within layouts/application (Duration: 1.9ms | Allocations: 438)
Completed 200 OK in 22ms (Views: 17.5ms | ActiveRecord: 0.0ms | Allocations: 3434)


Started GET "/twoplayers" for ::1 at 2024-04-09 17:57:34 +0530
Processing by PagesController#twoplayers as HTML
  Rendering pages/twoplayers.html.erb within layouts/application
  Rendered pages/twoplayers.html.erb within layouts/application (Duration: 0.9ms | Allocations: 434)
Completed 200 OK in 14ms (Views: 9.7ms | ActiveRecord: 0.0ms | Allocations: 3454)


Started GET "/twoplayers" for ::1 at 2024-04-09 17:59:45 +0530
Processing by PagesController#twoplayers as HTML
  Rendering pages/twoplayers.html.erb within layouts/application
  Rendered pages/twoplayers.html.erb within layouts/application (Duration: 1.4ms | Allocations: 437)
Completed 200 OK in 16ms (Views: 13.0ms | ActiveRecord: 0.0ms | Allocations: 3435)


Started GET "/twoplayers" for ::1 at 2024-04-09 18:01:42 +0530
Processing by PagesController#twoplayers as HTML
  Rendering pages/twoplayers.html.erb within layouts/application
  Rendered pages/twoplayers.html.erb within layouts/application (Duration: 1.1ms | Allocations: 437)
Completed 200 OK in 13ms (Views: 9.5ms | ActiveRecord: 0.0ms | Allocations: 3432)


Started GET "/twoplayers" for ::1 at 2024-04-09 18:02:46 +0530
Processing by PagesController#twoplayers as HTML
  Rendering pages/twoplayers.html.erb within layouts/application
  Rendered pages/twoplayers.html.erb within layouts/application (Duration: 1.1ms | Allocations: 434)
Completed 200 OK in 9ms (Views: 7.8ms | ActiveRecord: 0.0ms | Allocations: 3440)


Started GET "/twoplayers" for ::1 at 2024-04-09 18:17:53 +0530
Processing by PagesController#twoplayers as HTML
  Rendering pages/twoplayers.html.erb within layouts/application
  Rendered pages/twoplayers.html.erb within layouts/application (Duration: 0.1ms | Allocations: 4)
Completed 200 OK in 4ms (Views: 2.8ms | ActiveRecord: 0.0ms | Allocations: 1964)


Started GET "/" for ::1 at 2024-04-09 18:18:39 +0530
Processing by PagesController#home as HTML
  Rendering pages/home.html.erb within layouts/application
  Rendered pages/home.html.erb within layouts/application (Duration: 1.0ms | Allocations: 163)
Completed 200 OK in 11ms (Views: 9.0ms | ActiveRecord: 0.0ms | Allocations: 2260)


Started GET "/twoplayers" for ::1 at 2024-04-09 18:19:57 +0530
Processing by PagesController#twoplayers as HTML
  Rendering pages/twoplayers.html.erb within layouts/application
  Rendered pages/twoplayers.html.erb within layouts/application (Duration: 1.0ms | Allocations: 433)
Completed 200 OK in 16ms (Views: 12.5ms | ActiveRecord: 0.0ms | Allocations: 3449)


Started GET "/" for ::1 at 2024-04-09 18:21:13 +0530
Processing by PagesController#home as HTML
  Rendering pages/home.html.erb within layouts/application
  Rendered pages/home.html.erb within layouts/application (Duration: 0.8ms | Allocations: 161)
Completed 200 OK in 16ms (Views: 14.2ms | ActiveRecord: 0.0ms | Allocations: 3169)


Started GET "/twoplayers" for ::1 at 2024-04-09 18:21:15 +0530
Processing by PagesController#twoplayers as HTML
  Rendering pages/twoplayers.html.erb within layouts/application
  Rendered pages/twoplayers.html.erb within layouts/application (Duration: 0.8ms | Allocations: 433)
Completed 200 OK in 11ms (Views: 8.5ms | ActiveRecord: 0.0ms | Allocations: 2551)


Started GET "/" for ::1 at 2024-04-09 18:22:21 +0530
Processing by PagesController#home as HTML
  Rendering pages/home.html.erb within layouts/application
  Rendered pages/home.html.erb within layouts/application (Duration: 0.9ms | Allocations: 163)
Completed 200 OK in 16ms (Views: 12.9ms | ActiveRecord: 0.0ms | Allocations: 3170)


Started GET "/twoplayers" for ::1 at 2024-04-09 18:22:23 +0530
Processing by PagesController#twoplayers as HTML
  Rendering pages/twoplayers.html.erb within layouts/application
  Rendered pages/twoplayers.html.erb within layouts/application (Duration: 1.4ms | Allocations: 433)
Completed 200 OK in 10ms (Views: 7.7ms | ActiveRecord: 0.0ms | Allocations: 2565)


Started GET "/twoplayers" for ::1 at 2024-04-09 18:23:09 +0530
Processing by PagesController#twoplayers as HTML
  Rendering pages/twoplayers.html.erb within layouts/application
  Rendered pages/twoplayers.html.erb within layouts/application (Duration: 1.9ms | Allocations: 433)
Completed 200 OK in 24ms (Views: 21.6ms | ActiveRecord: 0.0ms | Allocations: 3441)


Started GET "/" for ::1 at 2024-04-09 18:23:44 +0530
Processing by PagesController#home as HTML
  Rendering pages/home.html.erb within layouts/application
  Rendered pages/home.html.erb within layouts/application (Duration: 0.9ms | Allocations: 168)
Completed 200 OK in 13ms (Views: 11.5ms | ActiveRecord: 0.0ms | Allocations: 3165)


Started GET "/twoplayers" for ::1 at 2024-04-09 18:23:47 +0530
Processing by PagesController#twoplayers as HTML
  Rendering pages/twoplayers.html.erb within layouts/application
  Rendered pages/twoplayers.html.erb within layouts/application (Duration: 4.2ms | Allocations: 433)
Completed 200 OK in 35ms (Views: 29.4ms | ActiveRecord: 0.0ms | Allocations: 2564)


Started GET "/twoplayers" for ::1 at 2024-04-10 10:08:02 +0530
Processing by PagesController#twoplayers as HTML
  Rendering pages/twoplayers.html.erb within layouts/application
  Rendered pages/twoplayers.html.erb within layouts/application (Duration: 0.9ms | Allocations: 433)
Completed 200 OK in 11ms (Views: 9.3ms | ActiveRecord: 0.0ms | Allocations: 3431)


Started GET "/twoplayers" for ::1 at 2024-04-10 10:09:04 +0530
Processing by PagesController#twoplayers as HTML
  Rendering pages/twoplayers.html.erb within layouts/application
  Rendered pages/twoplayers.html.erb within layouts/application (Duration: 0.1ms | Allocations: 4)
Completed 200 OK in 9ms (Views: 7.3ms | ActiveRecord: 0.0ms | Allocations: 1947)


Started GET "/" for ::1 at 2024-04-10 10:11:58 +0530
Processing by PagesController#home as HTML
  Rendering pages/home.html.erb within layouts/application
  Rendered pages/home.html.erb within layouts/application (Duration: 0.7ms | Allocations: 161)
Completed 200 OK in 9ms (Views: 7.3ms | ActiveRecord: 0.0ms | Allocations: 3152)


Started GET "/twoplayers" for ::1 at 2024-04-10 10:12:00 +0530
Processing by PagesController#twoplayers as HTML
  Rendering pages/twoplayers.html.erb within layouts/application
  Rendered pages/twoplayers.html.erb within layouts/application (Duration: 1.0ms | Allocations: 436)
Completed 200 OK in 9ms (Views: 5.8ms | ActiveRecord: 0.0ms | Allocations: 2532)


Started GET "/twoplayers" for ::1 at 2024-04-10 10:12:43 +0530
Processing by PagesController#twoplayers as HTML
  Rendering pages/twoplayers.html.erb within layouts/application
  Rendered pages/twoplayers.html.erb within layouts/application (Duration: 0.9ms | Allocations: 430)
Completed 200 OK in 16ms (Views: 12.9ms | ActiveRecord: 0.0ms | Allocations: 3467)


Started GET "/twoplayers" for ::1 at 2024-04-10 10:13:19 +0530
Processing by PagesController#twoplayers as HTML
  Rendering pages/twoplayers.html.erb within layouts/application
  Rendered pages/twoplayers.html.erb within layouts/application (Duration: 0.9ms | Allocations: 431)
Completed 200 OK in 9ms (Views: 7.4ms | ActiveRecord: 0.0ms | Allocations: 3439)


Started GET "/twoplayers" for ::1 at 2024-04-10 10:20:13 +0530
Processing by PagesController#twoplayers as HTML
  Rendering pages/twoplayers.html.erb within layouts/application
  Rendered pages/twoplayers.html.erb within layouts/application (Duration: 1.1ms | Allocations: 416)
Completed 200 OK in 9ms (Views: 7.9ms | ActiveRecord: 0.0ms | Allocations: 3421)


Started GET "/twoplayers" for ::1 at 2024-04-10 10:20:19 +0530
Processing by PagesController#twoplayers as HTML
  Rendering pages/twoplayers.html.erb within layouts/application
  Rendered pages/twoplayers.html.erb within layouts/application (Duration: 0.1ms | Allocations: 4)
Completed 200 OK in 9ms (Views: 8.1ms | ActiveRecord: 0.0ms | Allocations: 1965)


Started GET "/twoplayers" for ::1 at 2024-04-10 10:20:32 +0530
Processing by PagesController#twoplayers as HTML
  Rendering pages/twoplayers.html.erb within layouts/application
  Rendered pages/twoplayers.html.erb within layouts/application (Duration: 0.1ms | Allocations: 4)
Completed 200 OK in 10ms (Views: 6.8ms | ActiveRecord: 0.0ms | Allocations: 1978)


Started GET "/twoplayers" for ::1 at 2024-04-10 10:23:32 +0530
Processing by PagesController#twoplayers as HTML
  Rendering pages/twoplayers.html.erb within layouts/application
  Rendered pages/twoplayers.html.erb within layouts/application (Duration: 1.3ms | Allocations: 416)
Completed 200 OK in 11ms (Views: 9.4ms | ActiveRecord: 0.0ms | Allocations: 3427)


Started GET "/twoplayers" for ::1 at 2024-04-10 10:24:19 +0530
Processing by PagesController#twoplayers as HTML
  Rendering pages/twoplayers.html.erb within layouts/application
  Rendered pages/twoplayers.html.erb within layouts/application (Duration: 0.1ms | Allocations: 4)
Completed 200 OK in 3ms (Views: 2.4ms | ActiveRecord: 0.0ms | Allocations: 2201)


Started GET "/" for ::1 at 2024-04-10 10:24:24 +0530
Processing by PagesController#home as HTML
  Rendering pages/home.html.erb within layouts/application
  Rendered pages/home.html.erb within layouts/application (Duration: 0.9ms | Allocations: 169)
Completed 200 OK in 8ms (Views: 5.7ms | ActiveRecord: 0.0ms | Allocations: 2268)


Started GET "/twoplayers" for ::1 at 2024-04-10 10:24:29 +0530
Processing by PagesController#twoplayers as HTML
  Rendering pages/twoplayers.html.erb within layouts/application
  Rendered pages/twoplayers.html.erb within layouts/application (Duration: 0.1ms | Allocations: 4)
Completed 200 OK in 11ms (Views: 5.7ms | ActiveRecord: 0.0ms | Allocations: 1955)


Started GET "/twoplayers" for ::1 at 2024-04-10 10:24:46 +0530
Processing by PagesController#twoplayers as HTML
  Rendering pages/twoplayers.html.erb within layouts/application
  Rendered pages/twoplayers.html.erb within layouts/application (Duration: 0.3ms | Allocations: 4)
Completed 200 OK in 8ms (Views: 6.8ms | ActiveRecord: 0.0ms | Allocations: 1980)


Started GET "/twoplayers" for ::1 at 2024-04-10 10:25:14 +0530
Processing by PagesController#twoplayers as HTML
  Rendering pages/twoplayers.html.erb within layouts/application
  Rendered pages/twoplayers.html.erb within layouts/application (Duration: 0.1ms | Allocations: 4)
Completed 200 OK in 10ms (Views: 8.4ms | ActiveRecord: 0.0ms | Allocations: 1964)


Started GET "/twoplayers" for ::1 at 2024-04-10 10:25:41 +0530
Processing by PagesController#twoplayers as HTML
  Rendering pages/twoplayers.html.erb within layouts/application
  Rendered pages/twoplayers.html.erb within layouts/application (Duration: 0.1ms | Allocations: 4)
Completed 200 OK in 5ms (Views: 3.9ms | ActiveRecord: 0.0ms | Allocations: 2201)


Started GET "/" for ::1 at 2024-04-10 10:25:51 +0530
Processing by PagesController#home as HTML
  Rendering pages/home.html.erb within layouts/application
  Rendered pages/home.html.erb within layouts/application (Duration: 0.5ms | Allocations: 64)
Completed 200 OK in 10ms (Views: 7.6ms | ActiveRecord: 0.0ms | Allocations: 2041)


Started GET "/twoplayers" for ::1 at 2024-04-10 10:25:57 +0530
Processing by PagesController#twoplayers as HTML
  Rendering pages/twoplayers.html.erb within layouts/application
  Rendered pages/twoplayers.html.erb within layouts/application (Duration: 0.2ms | Allocations: 4)
Completed 200 OK in 10ms (Views: 7.2ms | ActiveRecord: 0.0ms | Allocations: 1974)


Started GET "/twoplayers" for ::1 at 2024-04-10 10:26:34 +0530
Processing by PagesController#twoplayers as HTML
  Rendering pages/twoplayers.html.erb within layouts/application
  Rendered pages/twoplayers.html.erb within layouts/application (Duration: 1.5ms | Allocations: 502)
Completed 200 OK in 14ms (Views: 10.1ms | ActiveRecord: 0.0ms | Allocations: 3499)


Started GET "/twoplayers" for ::1 at 2024-04-10 10:26:38 +0530
Processing by PagesController#twoplayers as HTML
  Rendering pages/twoplayers.html.erb within layouts/application
  Rendered pages/twoplayers.html.erb within layouts/application (Duration: 0.2ms | Allocations: 4)
Completed 200 OK in 16ms (Views: 12.1ms | ActiveRecord: 0.0ms | Allocations: 1979)


Started GET "/" for ::1 at 2024-04-10 10:27:18 +0530
Processing by PagesController#home as HTML
  Rendering pages/home.html.erb within layouts/application
  Rendered pages/home.html.erb within layouts/application (Duration: 0.9ms | Allocations: 161)
Completed 200 OK in 11ms (Views: 9.3ms | ActiveRecord: 0.0ms | Allocations: 3160)


Started GET "/twoplayers" for ::1 at 2024-04-10 10:27:20 +0530
Processing by PagesController#twoplayers as HTML
  Rendering pages/twoplayers.html.erb within layouts/application
  Rendered pages/twoplayers.html.erb within layouts/application (Duration: 1.6ms | Allocations: 500)
Completed 200 OK in 12ms (Views: 8.2ms | ActiveRecord: 0.0ms | Allocations: 2619)


Started GET "/twoplayers" for ::1 at 2024-04-10 10:32:56 +0530
Processing by PagesController#twoplayers as HTML
  Rendering pages/twoplayers.html.erb within layouts/application
  Rendered pages/twoplayers.html.erb within layouts/application (Duration: 0.7ms | Allocations: 416)
Completed 200 OK in 8ms (Views: 5.4ms | ActiveRecord: 0.0ms | Allocations: 3422)


Started GET "/" for ::1 at 2024-04-10 10:32:59 +0530
Processing by PagesController#home as HTML
  Rendering pages/home.html.erb within layouts/application
  Rendered pages/home.html.erb within layouts/application (Duration: 1.3ms | Allocations: 164)
Completed 200 OK in 11ms (Views: 8.4ms | ActiveRecord: 0.0ms | Allocations: 2264)


Started GET "/twoplayers" for ::1 at 2024-04-10 10:33:03 +0530
Processing by PagesController#twoplayers as HTML
  Rendering pages/twoplayers.html.erb within layouts/application
  Rendered pages/twoplayers.html.erb within layouts/application (Duration: 0.1ms | Allocations: 4)
Completed 200 OK in 9ms (Views: 7.3ms | ActiveRecord: 0.0ms | Allocations: 1977)


Started GET "/twoplayers" for ::1 at 2024-04-10 10:33:38 +0530
Processing by PagesController#twoplayers as HTML
  Rendering pages/twoplayers.html.erb within layouts/application
  Rendered pages/twoplayers.html.erb within layouts/application (Duration: 0.0ms | Allocations: 4)
Completed 200 OK in 7ms (Views: 5.7ms | ActiveRecord: 0.0ms | Allocations: 1960)


Started GET "/" for ::1 at 2024-04-10 10:56:13 +0530
Processing by PagesController#home as HTML
  Rendering pages/home.html.erb within layouts/application
  Rendered pages/home.html.erb within layouts/application (Duration: 0.8ms | Allocations: 162)
Completed 200 OK in 10ms (Views: 8.4ms | ActiveRecord: 0.0ms | Allocations: 3169)


Started GET "/" for ::1 at 2024-04-10 11:00:27 +0530
  [1m[35m (1.5ms)[0m  [1m[34mSELECT "schema_migrations"."version" FROM "schema_migrations" ORDER BY "schema_migrations"."version" ASC[0m
Processing by PagesController#home as HTML
  Rendering pages/home.html.erb within layouts/application
  Rendered pages/home.html.erb within layouts/application (Duration: 1.0ms | Allocations: 304)
Completed 200 OK in 22ms (Views: 11.0ms | ActiveRecord: 0.0ms | Allocations: 7066)


Started GET "/twoplayers" for ::1 at 2024-04-10 11:00:31 +0530
Processing by PagesController#twoplayers as HTML
  Rendering pages/twoplayers.html.erb within layouts/application
  Rendered pages/twoplayers.html.erb within layouts/application (Duration: 0.7ms | Allocations: 418)
Completed 200 OK in 5ms (Views: 4.3ms | ActiveRecord: 0.0ms | Allocations: 2510)


Started GET "/twoplayers" for ::1 at 2024-04-10 11:05:20 +0530
Processing by PagesController#twoplayers as HTML
  Rendering pages/twoplayers.html.erb within layouts/application
  Rendered pages/twoplayers.html.erb within layouts/application (Duration: 3.8ms | Allocations: 426)
Completed 200 OK in 24ms (Views: 20.1ms | ActiveRecord: 0.0ms | Allocations: 3313)


Started GET "/twoplayers" for ::1 at 2024-04-10 11:09:47 +0530
  [1m[35m (0.5ms)[0m  [1m[34mSELECT "schema_migrations"."version" FROM "schema_migrations" ORDER BY "schema_migrations"."version" ASC[0m
Processing by PagesController#twoplayers as HTML
  Rendering pages/twoplayers.html.erb within layouts/application
  Rendered pages/twoplayers.html.erb within layouts/application (Duration: 1.1ms | Allocations: 541)
Completed 200 OK in 21ms (Views: 12.5ms | ActiveRecord: 0.0ms | Allocations: 7299)


Started GET "/twoplayers" for ::1 at 2024-04-10 11:11:11 +0530
Processing by PagesController#twoplayers as HTML
  Rendering pages/twoplayers.html.erb within layouts/application
  Rendered pages/twoplayers.html.erb within layouts/application (Duration: 0.2ms | Allocations: 5)
Completed 200 OK in 13ms (Views: 9.9ms | ActiveRecord: 0.0ms | Allocations: 1968)


